Job started at Sun Apr 20 17:15:36 CDT 2025
Running on g016.grace.hprc.tamu.edu
Sun Apr 20 17:15:36 2025       
+---------------------------------------------------------------------------------------+
| NVIDIA-SMI 535.230.02             Driver Version: 535.230.02   CUDA Version: 12.2     |
|-----------------------------------------+----------------------+----------------------+
| GPU  Name                 Persistence-M | Bus-Id        Disp.A | Volatile Uncorr. ECC |
| Fan  Temp   Perf          Pwr:Usage/Cap |         Memory-Usage | GPU-Util  Compute M. |
|                                         |                      |               MIG M. |
|=========================================+======================+======================|
|   0  NVIDIA A100-PCIE-40GB          On  | 00000000:D8:00.0 Off |                    0 |
| N/A   23C    P0              30W / 250W |      0MiB / 40960MiB |      0%      Default |
|                                         |                      |             Disabled |
+-----------------------------------------+----------------------+----------------------+
                                                                                         
+---------------------------------------------------------------------------------------+
| Processes:                                                                            |
|  GPU   GI   CI        PID   Type   Process name                            GPU Memory |
|        ID   ID                                                             Usage      |
|=======================================================================================|
|  No running processes found                                                           |
+---------------------------------------------------------------------------------------+
Generating RL training data...
INFO:get_data:Using data from data/train.txt
Vocab size: 6969
Tokenizing data file...
33315753 tokens created from the file. Each epoch will have 520558 batches.
Number of trainable parameters in the model: 30932569
Number of tokens per parameters: 1.0770.


Generated text for input text "The key point is" is:
The key point is a common complication in children. The aim of our study was to the use of the number of children, and the number of children with the time a few days, the number of children and the number of children the children with awhence, to whom is in the age group. In order the number of children was found to be 250.
<eot>
<sot>
Analysis of the impact of the COVID-19 pandemic on health care services in Latvia

The COVID-19 pandemic has resulted in rapid growth


Traceback (most recent call last):
  File "/scratch/user/sarveshgs22/AdaptiveEvictLLMfScratch/generate_rl_data.py", line 79, in <module>
    main(args)
    ~~~~^^^^^^
  File "/scratch/user/sarveshgs22/AdaptiveEvictLLMfScratch/generate_rl_data.py", line 30, in main
    prompts = generate_conversation_prompts(
        solver,
    ...<2 lines>...
        max_length=args.max_length
    )
  File "/scratch/user/sarveshgs22/AdaptiveEvictLLMfScratch/generate_rl_data.py", line 23, in generate_conversation_prompts
    "length": len(generated_text.split())
                  ^^^^^^^^^^^^^^^^^^^^
AttributeError: 'NoneType' object has no attribute 'split'
Training RL agent...
wandb: Using wandb-core as the SDK backend.  Please refer to https://wandb.me/wandb-core for more information.
wandb: Currently logged in as: sarveshgs22tamu (sarveshgs22tamu-texas-a-m-university) to https://api.wandb.ai. Use `wandb login --relogin` to force relogin
wandb: Tracking run with wandb version 0.19.9
wandb: Run data is saved locally in /scratch/user/sarveshgs22/AdaptiveEvictLLMfScratch/wandb/run-20250420_171738-6odr6zhx
wandb: Run `wandb offline` to turn off syncing.
wandb: Syncing run zesty-meadow-5
wandb: ⭐️ View project at https://wandb.ai/sarveshgs22tamu-texas-a-m-university/adaptive-kv-cache
wandb: 🚀 View run at https://wandb.ai/sarveshgs22tamu-texas-a-m-university/adaptive-kv-cache/runs/6odr6zhx
Traceback (most recent call last):
  File "/scratch/user/sarveshgs22/AdaptiveEvictLLMfScratch/train_rl_agent.py", line 160, in <module>
    train(args)
    ~~~~~^^^^^^
  File "/scratch/user/sarveshgs22/AdaptiveEvictLLMfScratch/train_rl_agent.py", line 24, in train
    training_data = load_training_data(args.training_data_path)
  File "/scratch/user/sarveshgs22/AdaptiveEvictLLMfScratch/train_rl_agent.py", line 13, in load_training_data
    with open(data_path, 'r') as f:
         ~~~~^^^^^^^^^^^^^^^^
FileNotFoundError: [Errno 2] No such file or directory: 'data/rl_training_data.json'
[1;34mwandb[0m: 
[1;34mwandb[0m: 🚀 View run [33mzesty-meadow-5[0m at: [34mhttps://wandb.ai/sarveshgs22tamu-texas-a-m-university/adaptive-kv-cache/runs/6odr6zhx[0m
[1;34mwandb[0m: Find logs at: [1;35mwandb/run-20250420_171738-6odr6zhx/logs[0m
Job finished at Sun Apr 20 17:17:40 CDT 2025
