Job started at Sun Apr 20 16:11:58 CDT 2025
Running on g062.grace.hprc.tamu.edu
Sun Apr 20 16:11:58 2025       
+---------------------------------------------------------------------------------------+
| NVIDIA-SMI 535.230.02             Driver Version: 535.230.02   CUDA Version: 12.2     |
|-----------------------------------------+----------------------+----------------------+
| GPU  Name                 Persistence-M | Bus-Id        Disp.A | Volatile Uncorr. ECC |
| Fan  Temp   Perf          Pwr:Usage/Cap |         Memory-Usage | GPU-Util  Compute M. |
|                                         |                      |               MIG M. |
|=========================================+======================+======================|
|   0  NVIDIA A100-PCIE-40GB          On  | 00000000:3B:00.0 Off |                  Off |
| N/A   19C    P0              30W / 250W |      0MiB / 40960MiB |      0%      Default |
|                                         |                      |             Disabled |
+-----------------------------------------+----------------------+----------------------+
                                                                                         
+---------------------------------------------------------------------------------------+
| Processes:                                                                            |
|  GPU   GI   CI        PID   Type   Process name                            GPU Memory |
|        ID   ID                                                             Usage      |
|=======================================================================================|
|  No running processes found                                                           |
+---------------------------------------------------------------------------------------+
Generating RL training data...
INFO:get_data:Using data from data/train.txt
Vocab size: 6969
Traceback (most recent call last):
  File "/scratch/user/sarveshgs22/AdaptiveEvictLLMfScratch/generate_rl_data.py", line 60, in <module>
    main(args)
    ~~~~^^^^^^
  File "/scratch/user/sarveshgs22/AdaptiveEvictLLMfScratch/generate_rl_data.py", line 29, in main
    solver = Solver(args)
  File "/scratch/user/sarveshgs22/AdaptiveEvictLLMfScratch/solver.py", line 35, in __init__
    n_workers  = self.args.n_workers,
                 ^^^^^^^^^^^^^^^^^^^
AttributeError: 'Namespace' object has no attribute 'n_workers'
Training RL agent...
wandb: Using wandb-core as the SDK backend.  Please refer to https://wandb.me/wandb-core for more information.
wandb: Currently logged in as: sarveshgs22tamu (sarveshgs22tamu-texas-a-m-university) to https://api.wandb.ai. Use `wandb login --relogin` to force relogin
wandb: Tracking run with wandb version 0.19.9
wandb: Run data is saved locally in /scratch/user/sarveshgs22/AdaptiveEvictLLMfScratch/wandb/run-20250420_161206-ishrhvx4
wandb: Run `wandb offline` to turn off syncing.
wandb: Syncing run clean-water-1
wandb: ⭐️ View project at https://wandb.ai/sarveshgs22tamu-texas-a-m-university/adaptive-kv-cache
wandb: 🚀 View run at https://wandb.ai/sarveshgs22tamu-texas-a-m-university/adaptive-kv-cache/runs/ishrhvx4
Traceback (most recent call last):
  File "/scratch/user/sarveshgs22/AdaptiveEvictLLMfScratch/train_rl_agent.py", line 160, in <module>
    train(args)
    ~~~~~^^^^^^
  File "/scratch/user/sarveshgs22/AdaptiveEvictLLMfScratch/train_rl_agent.py", line 24, in train
    training_data = load_training_data(args.training_data_path)
  File "/scratch/user/sarveshgs22/AdaptiveEvictLLMfScratch/train_rl_agent.py", line 13, in load_training_data
    with open(data_path, 'r') as f:
         ~~~~^^^^^^^^^^^^^^^^
FileNotFoundError: [Errno 2] No such file or directory: 'data/rl_training_data.json'
[1;34mwandb[0m: 
[1;34mwandb[0m: 🚀 View run [33mclean-water-1[0m at: [34mhttps://wandb.ai/sarveshgs22tamu-texas-a-m-university/adaptive-kv-cache/runs/ishrhvx4[0m
[1;34mwandb[0m: Find logs at: [1;35mwandb/run-20250420_161206-ishrhvx4/logs[0m
Job finished at Sun Apr 20 16:12:11 CDT 2025
